<?xml version="1.0" encoding="UTF-8"?>
<testng-results skipped="0" failed="1" ignored="0" total="2" passed="1">
  <reporter-output>
  </reporter-output>
  <suite name="Default suite" duration-ms="48810" started-at="2019-09-15T18:02:59Z" finished-at="2019-09-15T18:03:47Z">
    <groups>
    </groups>
    <test name="Default test" duration-ms="48810" started-at="2019-09-15T18:02:59Z" finished-at="2019-09-15T18:03:47Z">
      <class name="edu.ext.ExtentReportV4">
        <test-method status="PASS" signature="extentReportSetup()[pri:0, instance:edu.ext.ExtentReportV4@5faeada1]" name="extentReportSetup" is-config="true" duration-ms="398" started-at="2019-09-15T18:02:59Z" finished-at="2019-09-15T18:02:59Z">
          <reporter-output>
          </reporter-output>
        </test-method> <!-- extentReportSetup -->
        <test-method status="PASS" signature="setup()[pri:0, instance:edu.ext.ExtentReportV4@5faeada1]" name="setup" is-config="true" duration-ms="18229" started-at="2019-09-15T18:02:59Z" finished-at="2019-09-15T18:03:17Z">
          <reporter-output>
          </reporter-output>
        </test-method> <!-- setup -->
        <test-method status="FAIL" signature="GoogleLogoValidation()[pri:0, instance:edu.ext.ExtentReportV4@5faeada1]" name="GoogleLogoValidation" duration-ms="172" started-at="2019-09-15T18:03:17Z" finished-at="2019-09-15T18:03:17Z">
          <exception class="java.lang.AssertionError">
            <message>
              <![CDATA[expected [false] but found [true]]]>
            </message>
            <full-stacktrace>
              <![CDATA[java.lang.AssertionError: expected [false] but found [true]
at org.testng.Assert.fail(Assert.java:96)
at org.testng.Assert.failNotEquals(Assert.java:776)
at org.testng.Assert.assertFalse(Assert.java:65)
at org.testng.Assert.assertFalse(Assert.java:75)
at edu.ext.ExtentReportV4.GoogleLogoValidation(ExtentReportV4.java:76)
at sun.reflect.NativeMethodAccessorImpl.invoke0(Native Method)
at sun.reflect.NativeMethodAccessorImpl.invoke(Unknown Source)
at sun.reflect.DelegatingMethodAccessorImpl.invoke(Unknown Source)
at java.lang.reflect.Method.invoke(Unknown Source)
at org.testng.internal.MethodInvocationHelper.invokeMethod(MethodInvocationHelper.java:124)
at org.testng.internal.Invoker.invokeMethod(Invoker.java:583)
at org.testng.internal.Invoker.invokeTestMethod(Invoker.java:719)
at org.testng.internal.Invoker.invokeTestMethods(Invoker.java:989)
at org.testng.internal.TestMethodWorker.invokeTestMethods(TestMethodWorker.java:125)
at org.testng.internal.TestMethodWorker.run(TestMethodWorker.java:109)
at org.testng.TestRunner.privateRun(TestRunner.java:648)
at org.testng.TestRunner.run(TestRunner.java:505)
at org.testng.SuiteRunner.runTest(SuiteRunner.java:455)
at org.testng.SuiteRunner.runSequentially(SuiteRunner.java:450)
at org.testng.SuiteRunner.privateRun(SuiteRunner.java:415)
at org.testng.SuiteRunner.run(SuiteRunner.java:364)
at org.testng.SuiteRunnerWorker.runSuite(SuiteRunnerWorker.java:52)
at org.testng.SuiteRunnerWorker.run(SuiteRunnerWorker.java:84)
at org.testng.TestNG.runSuitesSequentially(TestNG.java:1208)
at org.testng.TestNG.runSuitesLocally(TestNG.java:1137)
at org.testng.TestNG.runSuites(TestNG.java:1049)
at org.testng.TestNG.run(TestNG.java:1017)
at org.testng.remote.AbstractRemoteTestNG.run(AbstractRemoteTestNG.java:115)
at org.testng.remote.RemoteTestNG.initAndRun(RemoteTestNG.java:251)
at org.testng.remote.RemoteTestNG.main(RemoteTestNG.java:77)
]]>
            </full-stacktrace>
          </exception> <!-- java.lang.AssertionError -->
          <reporter-output>
          </reporter-output>
        </test-method> <!-- GoogleLogoValidation -->
        <test-method status="PASS" signature="getResult(org.testng.ITestResult)[pri:0, instance:edu.ext.ExtentReportV4@5faeada1]" name="getResult" is-config="true" duration-ms="14967" started-at="2019-09-15T18:03:17Z" finished-at="2019-09-15T18:03:32Z">
          <params>
            <param index="0">
              <value>
                <![CDATA[[TestResult name=GoogleLogoValidation status=FAILURE method=ExtentReportV4.GoogleLogoValidation()[pri:0, instance:edu.ext.ExtentReportV4@5faeada1] output={null}]]]>
              </value>
            </param>
          </params>
          <reporter-output>
          </reporter-output>
        </test-method> <!-- getResult -->
        <test-method status="PASS" signature="setup()[pri:0, instance:edu.ext.ExtentReportV4@5faeada1]" name="setup" is-config="true" duration-ms="12901" started-at="2019-09-15T18:03:32Z" finished-at="2019-09-15T18:03:45Z">
          <reporter-output>
          </reporter-output>
        </test-method> <!-- setup -->
        <test-method status="PASS" signature="GoogleTittleValidation()[pri:0, instance:edu.ext.ExtentReportV4@5faeada1]" name="GoogleTittleValidation" duration-ms="45" started-at="2019-09-15T18:03:45Z" finished-at="2019-09-15T18:03:45Z">
          <reporter-output>
          </reporter-output>
        </test-method> <!-- GoogleTittleValidation -->
        <test-method status="PASS" signature="getResult(org.testng.ITestResult)[pri:0, instance:edu.ext.ExtentReportV4@5faeada1]" name="getResult" is-config="true" duration-ms="1273" started-at="2019-09-15T18:03:45Z" finished-at="2019-09-15T18:03:47Z">
          <params>
            <param index="0">
              <value>
                <![CDATA[[TestResult name=GoogleTittleValidation status=SUCCESS method=ExtentReportV4.GoogleTittleValidation()[pri:0, instance:edu.ext.ExtentReportV4@5faeada1] output={null}]]]>
              </value>
            </param>
          </params>
          <reporter-output>
          </reporter-output>
        </test-method> <!-- getResult -->
        <test-method status="PASS" signature="endReport()[pri:0, instance:edu.ext.ExtentReportV4@5faeada1]" name="endReport" is-config="true" duration-ms="767" started-at="2019-09-15T18:03:47Z" finished-at="2019-09-15T18:03:47Z">
          <reporter-output>
          </reporter-output>
        </test-method> <!-- endReport -->
      </class> <!-- edu.ext.ExtentReportV4 -->
    </test> <!-- Default test -->
  </suite> <!-- Default suite -->
</testng-results>
